0 info it worked if it ends with ok
1 verbose cli [ 'node', '/Users/roypeled/.node/bin/npm', 'publish' ]
2 info using npm@3.3.4
3 info using node@v0.10.24
4 verbose publish [ '.' ]
5 silly cache add args [ '.', null ]
6 verbose cache add spec .
7 silly cache add parsed spec { raw: '.',
7 silly cache add   scope: null,
7 silly cache add   name: null,
7 silly cache add   rawSpec: '.',
7 silly cache add   spec: '/Users/roypeled/src/watch-wpack-jpm',
7 silly cache add   type: 'directory' }
8 verbose addLocalDirectory /Users/roypeled/.npm/watch-wpack-jpm/0.0.5/package.tgz not in flight; packing
9 info lifecycle watch-wpack-jpm@0.0.5~prepublish: watch-wpack-jpm@0.0.5
10 silly lifecycle watch-wpack-jpm@0.0.5~prepublish: no script for prepublish, continuing
11 verbose tar pack [ '/Users/roypeled/.npm/watch-wpack-jpm/0.0.5/package.tgz',
11 verbose tar pack   '/Users/roypeled/src/watch-wpack-jpm' ]
12 verbose tarball /Users/roypeled/.npm/watch-wpack-jpm/0.0.5/package.tgz
13 verbose folder /Users/roypeled/src/watch-wpack-jpm
14 verbose addLocalTarball adding from inside cache /Users/roypeled/.npm/watch-wpack-jpm/0.0.5/package.tgz
15 silly cache afterAdd watch-wpack-jpm@0.0.5
16 verbose afterAdd /Users/roypeled/.npm/watch-wpack-jpm/0.0.5/package/package.json not in flight; writing
17 verbose afterAdd /Users/roypeled/.npm/watch-wpack-jpm/0.0.5/package/package.json written
18 silly publish { name: 'watch-wpack-jpm',
18 silly publish   version: '0.0.5',
18 silly publish   description: '',
18 silly publish   main: 'watch.js',
18 silly publish   keywords: [],
18 silly publish   author: { name: 'Roy Peled', email: 'royp@folloze.com' },
18 silly publish   repository:
18 silly publish    { type: 'git',
18 silly publish      url: 'git+ssh://git@github.com/roypeled/watch-wpack-jpm.git' },
18 silly publish   license: 'MIT',
18 silly publish   bin: { 'watch-wpack-jpm': 'watch.js' },
18 silly publish   dependencies:
18 silly publish    { jpm: '1.0.1',
18 silly publish      'add-exports': '0.0.1',
18 silly publish      watch: '0.16.0',
18 silly publish      shelljs: '0.5.3' },
18 silly publish   gitHead: 'd847ec2c5cb247274e4db10ca7ac51e4beaa82bc',
18 silly publish   bugs: { url: 'https://github.com/roypeled/watch-wpack-jpm/issues' },
18 silly publish   readme: 'ERROR: No README data found!',
18 silly publish   homepage: 'https://github.com/roypeled/watch-wpack-jpm#readme',
18 silly publish   _id: 'watch-wpack-jpm@0.0.5',
18 silly publish   scripts: {},
18 silly publish   _shasum: '0ffc6fcd170ee8c4676967d60b4643bc6274442e',
18 silly publish   _from: '.' }
19 verbose getPublishConfig undefined
20 silly mapToRegistry name watch-wpack-jpm
21 silly mapToRegistry using default registry
22 silly mapToRegistry registry https://registry.npmjs.org/
23 silly mapToRegistry uri https://registry.npmjs.org/watch-wpack-jpm
24 verbose publish registryBase https://registry.npmjs.org/
25 silly publish uploading /Users/roypeled/.npm/watch-wpack-jpm/0.0.5/package.tgz
26 verbose request uri https://registry.npmjs.org/watch-wpack-jpm
27 verbose request sending authorization for write operation
28 info attempt registry request try #1 at 13:27:39
29 verbose request using bearer token for auth
30 verbose request id cd234766cb2e7621
31 http request PUT https://registry.npmjs.org/watch-wpack-jpm
32 http 403 https://registry.npmjs.org/watch-wpack-jpm
33 verbose headers { 'content-type': 'application/json',
33 verbose headers   'cache-control': 'max-age=60',
33 verbose headers   'content-length': '95',
33 verbose headers   'accept-ranges': 'bytes',
33 verbose headers   date: 'Wed, 02 Dec 2015 11:27:42 GMT',
33 verbose headers   via: '1.1 varnish',
33 verbose headers   connection: 'keep-alive',
33 verbose headers   'x-served-by': 'cache-fra1221-FRA',
33 verbose headers   'x-cache': 'MISS',
33 verbose headers   'x-cache-hits': '0',
33 verbose headers   'x-timer': 'S1449055661.451454,VS0,VE1352' }
34 verbose request invalidating /Users/roypeled/.npm/registry.npmjs.org/watch-wpack-jpm on PUT
35 error publish Failed PUT 403
36 verbose stack Error: "You cannot publish over the previously published version 0.0.5." : watch-wpack-jpm
36 verbose stack     at makeError (/Users/roypeled/.node/lib/node_modules/npm/node_modules/npm-registry-client/lib/request.js:264:12)
36 verbose stack     at CachingRegistryClient.<anonymous> (/Users/roypeled/.node/lib/node_modules/npm/node_modules/npm-registry-client/lib/request.js:252:14)
36 verbose stack     at Request._callback (/Users/roypeled/.node/lib/node_modules/npm/node_modules/npm-registry-client/lib/request.js:172:14)
36 verbose stack     at Request.self.callback (/Users/roypeled/.node/lib/node_modules/npm/node_modules/request/request.js:198:22)
36 verbose stack     at Request.EventEmitter.emit (events.js:98:17)
36 verbose stack     at Request.<anonymous> (/Users/roypeled/.node/lib/node_modules/npm/node_modules/request/request.js:1063:14)
36 verbose stack     at Request.EventEmitter.emit (events.js:117:20)
36 verbose stack     at IncomingMessage.<anonymous> (/Users/roypeled/.node/lib/node_modules/npm/node_modules/request/request.js:1009:12)
36 verbose stack     at IncomingMessage.EventEmitter.emit (events.js:117:20)
36 verbose stack     at _stream_readable.js:920:16
37 verbose statusCode 403
38 verbose pkgid watch-wpack-jpm
39 verbose cwd /Users/roypeled/src/watch-wpack-jpm
40 error Darwin 15.0.0
41 error argv "node" "/Users/roypeled/.node/bin/npm" "publish"
42 error node v0.10.24
43 error npm  v3.3.4
44 error code E403
45 error "You cannot publish over the previously published version 0.0.5." : watch-wpack-jpm
46 error If you need help, you may report this error at:
46 error     <https://github.com/npm/npm/issues>
47 verbose exit [ 1, true ]
